<?xml version="1.0" encoding="UTF-8" standalone="no"?>
<!DOCTYPE report PUBLIC "-//JACOCO//DTD Report 1.1//EN" "report.dtd"[]>
<report name="Pester (08/28/2024 13:35:03)">
  <sessioninfo id="this" start="1724852082885" dump="1724852103975" />
  <package name="functions">
    <class name="functions/add-mfRepositoryXmlData" sourcefilename="add-mfRepositoryXmlData.ps1">
      <method name="add-mfRepositoryXmlData" desc="()" line="48">
        <counter type="INSTRUCTION" missed="9" covered="51" />
        <counter type="LINE" missed="9" covered="43" />
        <counter type="METHOD" missed="0" covered="1" />
      </method>
      <counter type="INSTRUCTION" missed="9" covered="51" />
      <counter type="LINE" missed="9" covered="43" />
      <counter type="METHOD" missed="0" covered="1" />
      <counter type="CLASS" missed="0" covered="1" />
    </class>
    <class name="functions/build-mfProject" sourcefilename="build-mfProject.ps1">
      <method name="build-mfProject" desc="()" line="61">
        <counter type="INSTRUCTION" missed="46" covered="218" />
        <counter type="LINE" missed="36" covered="163" />
        <counter type="METHOD" missed="0" covered="1" />
      </method>
      <counter type="INSTRUCTION" missed="46" covered="218" />
      <counter type="LINE" missed="36" covered="163" />
      <counter type="METHOD" missed="0" covered="1" />
      <counter type="CLASS" missed="0" covered="1" />
    </class>
    <class name="functions/get-mfDependencyTree" sourcefilename="get-mfDependencyTree.ps1">
      <method name="get-mfDependencyTree" desc="()" line="46">
        <counter type="INSTRUCTION" missed="2" covered="40" />
        <counter type="LINE" missed="2" covered="31" />
        <counter type="METHOD" missed="0" covered="1" />
      </method>
      <method name="printTree" desc="()" line="58">
        <counter type="INSTRUCTION" missed="0" covered="6" />
        <counter type="LINE" missed="0" covered="5" />
        <counter type="METHOD" missed="0" covered="1" />
      </method>
      <counter type="INSTRUCTION" missed="2" covered="46" />
      <counter type="LINE" missed="2" covered="36" />
      <counter type="METHOD" missed="0" covered="2" />
      <counter type="CLASS" missed="0" covered="1" />
    </class>
    <class name="functions/get-mfFolderItems" sourcefilename="get-mfFolderItems.ps1">
      <method name="get-mfFolderItems" desc="()" line="57">
        <counter type="INSTRUCTION" missed="17" covered="100" />
        <counter type="LINE" missed="11" covered="63" />
        <counter type="METHOD" missed="0" covered="1" />
      </method>
      <counter type="INSTRUCTION" missed="17" covered="100" />
      <counter type="LINE" missed="11" covered="63" />
      <counter type="METHOD" missed="0" covered="1" />
      <counter type="CLASS" missed="0" covered="1" />
    </class>
    <class name="functions/get-mfNextSemver" sourcefilename="get-mfNextSemver.ps1">
      <method name="get-mfNextSemver" desc="()" line="81">
        <counter type="INSTRUCTION" missed="8" covered="77" />
        <counter type="LINE" missed="8" covered="49" />
        <counter type="METHOD" missed="0" covered="1" />
      </method>
      <counter type="INSTRUCTION" missed="8" covered="77" />
      <counter type="LINE" missed="8" covered="49" />
      <counter type="METHOD" missed="0" covered="1" />
      <counter type="CLASS" missed="0" covered="1" />
    </class>
    <class name="functions/new-mfProject" sourcefilename="new-mfProject.ps1">
      <method name="new-mfProject" desc="()" line="59">
        <counter type="INSTRUCTION" missed="11" covered="44" />
        <counter type="LINE" missed="7" covered="33" />
        <counter type="METHOD" missed="0" covered="1" />
      </method>
      <counter type="INSTRUCTION" missed="11" covered="44" />
      <counter type="LINE" missed="7" covered="33" />
      <counter type="METHOD" missed="0" covered="1" />
      <counter type="CLASS" missed="0" covered="1" />
    </class>
    <class name="functions/register-mfLocalPsResourceRepository" sourcefilename="register-mfLocalPsResourceRepository.ps1">
      <method name="register-mfLocalPsResourceRepository" desc="()" line="44">
        <counter type="INSTRUCTION" missed="7" covered="33" />
        <counter type="LINE" missed="5" covered="24" />
        <counter type="METHOD" missed="0" covered="1" />
      </method>
      <counter type="INSTRUCTION" missed="7" covered="33" />
      <counter type="LINE" missed="5" covered="24" />
      <counter type="METHOD" missed="0" covered="1" />
      <counter type="CLASS" missed="0" covered="1" />
    </class>
    <class name="functions/remove-mfLocalPsResourceRepository" sourcefilename="remove-mfLocalPsResourceRepository.ps1">
      <method name="remove-mfLocalPsResourceRepository" desc="()" line="40">
        <counter type="INSTRUCTION" missed="5" covered="25" />
        <counter type="LINE" missed="3" covered="18" />
        <counter type="METHOD" missed="0" covered="1" />
      </method>
      <counter type="INSTRUCTION" missed="5" covered="25" />
      <counter type="LINE" missed="3" covered="18" />
      <counter type="METHOD" missed="0" covered="1" />
      <counter type="CLASS" missed="0" covered="1" />
    </class>
    <class name="functions/update-mfProject" sourcefilename="update-mfProject.ps1">
      <method name="update-mfProject" desc="()" line="84">
        <counter type="INSTRUCTION" missed="8" covered="83" />
        <counter type="LINE" missed="4" covered="52" />
        <counter type="METHOD" missed="0" covered="1" />
      </method>
      <counter type="INSTRUCTION" missed="8" covered="83" />
      <counter type="LINE" missed="4" covered="52" />
      <counter type="METHOD" missed="0" covered="1" />
      <counter type="CLASS" missed="0" covered="1" />
    </class>
    <sourcefile name="add-mfRepositoryXmlData.ps1">
      <line nr="48" mi="0" ci="2" mb="0" cb="0" />
      <line nr="61" mi="0" ci="2" mb="0" cb="0" />
      <line nr="63" mi="0" ci="3" mb="0" cb="0" />
      <line nr="69" mi="0" ci="1" mb="0" cb="0" />
      <line nr="70" mi="0" ci="1" mb="0" cb="0" />
      <line nr="72" mi="1" ci="0" mb="0" cb="0" />
      <line nr="75" mi="0" ci="1" mb="0" cb="0" />
      <line nr="77" mi="1" ci="0" mb="0" cb="0" />
      <line nr="80" mi="0" ci="2" mb="0" cb="0" />
      <line nr="83" mi="0" ci="2" mb="0" cb="0" />
      <line nr="85" mi="1" ci="0" mb="0" cb="0" />
      <line nr="86" mi="1" ci="0" mb="0" cb="0" />
      <line nr="88" mi="0" ci="2" mb="0" cb="0" />
      <line nr="89" mi="0" ci="1" mb="0" cb="0" />
      <line nr="91" mi="1" ci="0" mb="0" cb="0" />
      <line nr="92" mi="1" ci="0" mb="0" cb="0" />
      <line nr="94" mi="1" ci="0" mb="0" cb="0" />
      <line nr="96" mi="1" ci="0" mb="0" cb="0" />
      <line nr="99" mi="0" ci="1" mb="0" cb="0" />
      <line nr="102" mi="0" ci="2" mb="0" cb="0" />
      <line nr="103" mi="0" ci="1" mb="0" cb="0" />
      <line nr="108" mi="0" ci="1" mb="0" cb="0" />
      <line nr="109" mi="0" ci="1" mb="0" cb="0" />
      <line nr="110" mi="0" ci="1" mb="0" cb="0" />
      <line nr="111" mi="0" ci="1" mb="0" cb="0" />
      <line nr="112" mi="0" ci="1" mb="0" cb="0" />
      <line nr="114" mi="0" ci="1" mb="0" cb="0" />
      <line nr="118" mi="0" ci="1" mb="0" cb="0" />
      <line nr="119" mi="0" ci="1" mb="0" cb="0" />
      <line nr="122" mi="0" ci="1" mb="0" cb="0" />
      <line nr="123" mi="0" ci="1" mb="0" cb="0" />
      <line nr="124" mi="0" ci="1" mb="0" cb="0" />
      <line nr="125" mi="0" ci="1" mb="0" cb="0" />
      <line nr="126" mi="0" ci="1" mb="0" cb="0" />
      <line nr="128" mi="0" ci="1" mb="0" cb="0" />
      <line nr="130" mi="0" ci="1" mb="0" cb="0" />
      <line nr="131" mi="0" ci="1" mb="0" cb="0" />
      <line nr="135" mi="0" ci="1" mb="0" cb="0" />
      <line nr="137" mi="0" ci="1" mb="0" cb="0" />
      <line nr="138" mi="0" ci="1" mb="0" cb="0" />
      <line nr="141" mi="0" ci="1" mb="0" cb="0" />
      <line nr="142" mi="0" ci="1" mb="0" cb="0" />
      <line nr="148" mi="0" ci="1" mb="0" cb="0" />
      <line nr="149" mi="0" ci="1" mb="0" cb="0" />
      <line nr="150" mi="0" ci="1" mb="0" cb="0" />
      <line nr="151" mi="0" ci="1" mb="0" cb="0" />
      <line nr="153" mi="0" ci="1" mb="0" cb="0" />
      <line nr="154" mi="0" ci="1" mb="0" cb="0" />
      <line nr="155" mi="0" ci="1" mb="0" cb="0" />
      <line nr="156" mi="0" ci="1" mb="0" cb="0" />
      <line nr="157" mi="0" ci="1" mb="0" cb="0" />
      <line nr="160" mi="1" ci="0" mb="0" cb="0" />
      <counter type="INSTRUCTION" missed="9" covered="51" />
      <counter type="LINE" missed="9" covered="43" />
      <counter type="METHOD" missed="0" covered="1" />
      <counter type="CLASS" missed="0" covered="1" />
    </sourcefile>
    <sourcefile name="build-mfProject.ps1">
      <line nr="61" mi="0" ci="1" mb="0" cb="0" />
      <line nr="78" mi="0" ci="2" mb="0" cb="0" />
      <line nr="80" mi="0" ci="3" mb="0" cb="0" />
      <line nr="82" mi="0" ci="1" mb="0" cb="0" />
      <line nr="84" mi="0" ci="1" mb="0" cb="0" />
      <line nr="86" mi="1" ci="0" mb="0" cb="0" />
      <line nr="89" mi="0" ci="1" mb="0" cb="0" />
      <line nr="90" mi="0" ci="1" mb="0" cb="0" />
      <line nr="93" mi="0" ci="1" mb="0" cb="0" />
      <line nr="94" mi="0" ci="1" mb="0" cb="0" />
      <line nr="97" mi="0" ci="1" mb="0" cb="0" />
      <line nr="98" mi="0" ci="1" mb="0" cb="0" />
      <line nr="100" mi="0" ci="2" mb="0" cb="0" />
      <line nr="102" mi="1" ci="0" mb="0" cb="0" />
      <line nr="105" mi="0" ci="1" mb="0" cb="0" />
      <line nr="107" mi="0" ci="1" mb="0" cb="0" />
      <line nr="109" mi="1" ci="0" mb="0" cb="0" />
      <line nr="113" mi="0" ci="1" mb="0" cb="0" />
      <line nr="115" mi="0" ci="1" mb="0" cb="0" />
      <line nr="116" mi="0" ci="1" mb="0" cb="0" />
      <line nr="117" mi="0" ci="2" mb="0" cb="0" />
      <line nr="119" mi="0" ci="2" mb="0" cb="0" />
      <line nr="122" mi="0" ci="1" mb="0" cb="0" />
      <line nr="124" mi="1" ci="0" mb="0" cb="0" />
      <line nr="130" mi="0" ci="2" mb="0" cb="0" />
      <line nr="132" mi="0" ci="2" mb="0" cb="0" />
      <line nr="134" mi="0" ci="2" mb="0" cb="0" />
      <line nr="136" mi="0" ci="1" mb="0" cb="0" />
      <line nr="138" mi="1" ci="0" mb="0" cb="0" />
      <line nr="141" mi="0" ci="2" mb="0" cb="0" />
      <line nr="143" mi="0" ci="1" mb="0" cb="0" />
      <line nr="144" mi="0" ci="1" mb="0" cb="0" />
      <line nr="146" mi="0" ci="1" mb="0" cb="0" />
      <line nr="148" mi="1" ci="0" mb="0" cb="0" />
      <line nr="153" mi="0" ci="4" mb="0" cb="0" />
      <line nr="154" mi="0" ci="1" mb="0" cb="0" />
      <line nr="156" mi="0" ci="1" mb="0" cb="0" />
      <line nr="158" mi="1" ci="0" mb="0" cb="0" />
      <line nr="161" mi="0" ci="2" mb="0" cb="0" />
      <line nr="164" mi="0" ci="2" mb="0" cb="0" />
      <line nr="167" mi="0" ci="1" mb="0" cb="0" />
      <line nr="170" mi="0" ci="2" mb="0" cb="0" />
      <line nr="172" mi="0" ci="1" mb="0" cb="0" />
      <line nr="173" mi="0" ci="1" mb="0" cb="0" />
      <line nr="174" mi="0" ci="1" mb="0" cb="0" />
      <line nr="176" mi="0" ci="1" mb="0" cb="0" />
      <line nr="178" mi="0" ci="1" mb="0" cb="0" />
      <line nr="184" mi="0" ci="2" mb="0" cb="0" />
      <line nr="187" mi="0" ci="2" mb="0" cb="0" />
      <line nr="188" mi="0" ci="1" mb="0" cb="0" />
      <line nr="189" mi="0" ci="1" mb="0" cb="0" />
      <line nr="190" mi="0" ci="2" mb="0" cb="0" />
      <line nr="191" mi="0" ci="1" mb="0" cb="0" />
      <line nr="192" mi="0" ci="1" mb="0" cb="0" />
      <line nr="194" mi="0" ci="1" mb="0" cb="0" />
      <line nr="197" mi="0" ci="2" mb="0" cb="0" />
      <line nr="198" mi="0" ci="1" mb="0" cb="0" />
      <line nr="200" mi="0" ci="2" mb="0" cb="0" />
      <line nr="201" mi="0" ci="1" mb="0" cb="0" />
      <line nr="203" mi="0" ci="2" mb="0" cb="0" />
      <line nr="204" mi="0" ci="1" mb="0" cb="0" />
      <line nr="206" mi="0" ci="2" mb="0" cb="0" />
      <line nr="207" mi="0" ci="1" mb="0" cb="0" />
      <line nr="211" mi="0" ci="1" mb="0" cb="0" />
      <line nr="212" mi="0" ci="2" mb="0" cb="0" />
      <line nr="222" mi="0" ci="1" mb="0" cb="0" />
      <line nr="223" mi="0" ci="1" mb="0" cb="0" />
      <line nr="224" mi="0" ci="1" mb="0" cb="0" />
      <line nr="225" mi="0" ci="1" mb="0" cb="0" />
      <line nr="227" mi="1" ci="0" mb="0" cb="0" />
      <line nr="229" mi="1" ci="0" mb="0" cb="0" />
      <line nr="230" mi="1" ci="0" mb="0" cb="0" />
      <line nr="232" mi="0" ci="1" mb="0" cb="0" />
      <line nr="235" mi="0" ci="1" mb="0" cb="0" />
      <line nr="236" mi="0" ci="1" mb="0" cb="0" />
      <line nr="237" mi="0" ci="5" mb="0" cb="0" />
      <line nr="239" mi="0" ci="1" mb="0" cb="0" />
      <line nr="240" mi="0" ci="1" mb="0" cb="0" />
      <line nr="241" mi="0" ci="1" mb="0" cb="0" />
      <line nr="242" mi="0" ci="1" mb="0" cb="0" />
      <line nr="244" mi="0" ci="1" mb="0" cb="0" />
      <line nr="247" mi="2" ci="0" mb="0" cb="0" />
      <line nr="248" mi="2" ci="0" mb="0" cb="0" />
      <line nr="249" mi="1" ci="0" mb="0" cb="0" />
      <line nr="253" mi="0" ci="2" mb="0" cb="0" />
      <line nr="254" mi="0" ci="2" mb="0" cb="0" />
      <line nr="256" mi="0" ci="2" mb="0" cb="0" />
      <line nr="258" mi="0" ci="1" mb="0" cb="0" />
      <line nr="259" mi="0" ci="1" mb="0" cb="0" />
      <line nr="260" mi="0" ci="1" mb="0" cb="0" />
      <line nr="266" mi="0" ci="2" mb="0" cb="0" />
      <line nr="267" mi="0" ci="2" mb="0" cb="0" />
      <line nr="269" mi="0" ci="1" mb="0" cb="0" />
      <line nr="270" mi="1" ci="0" mb="0" cb="0" />
      <line nr="271" mi="2" ci="0" mb="0" cb="0" />
      <line nr="273" mi="1" ci="0" mb="0" cb="0" />
      <line nr="275" mi="1" ci="0" mb="0" cb="0" />
      <line nr="278" mi="1" ci="0" mb="0" cb="0" />
      <line nr="280" mi="1" ci="0" mb="0" cb="0" />
      <line nr="283" mi="0" ci="1" mb="0" cb="0" />
      <line nr="284" mi="0" ci="2" mb="0" cb="0" />
      <line nr="290" mi="0" ci="2" mb="0" cb="0" />
      <line nr="291" mi="0" ci="2" mb="0" cb="0" />
      <line nr="293" mi="0" ci="1" mb="0" cb="0" />
      <line nr="295" mi="0" ci="1" mb="0" cb="0" />
      <line nr="296" mi="0" ci="1" mb="0" cb="0" />
      <line nr="297" mi="0" ci="1" mb="0" cb="0" />
      <line nr="298" mi="0" ci="1" mb="0" cb="0" />
      <line nr="299" mi="0" ci="2" mb="0" cb="0" />
      <line nr="301" mi="0" ci="1" mb="0" cb="0" />
      <line nr="302" mi="0" ci="2" mb="0" cb="0" />
      <line nr="303" mi="0" ci="1" mb="0" cb="0" />
      <line nr="305" mi="0" ci="1" mb="0" cb="0" />
      <line nr="308" mi="0" ci="1" mb="0" cb="0" />
      <line nr="310" mi="0" ci="1" mb="0" cb="0" />
      <line nr="317" mi="0" ci="2" mb="0" cb="0" />
      <line nr="318" mi="0" ci="2" mb="0" cb="0" />
      <line nr="320" mi="0" ci="1" mb="0" cb="0" />
      <line nr="321" mi="1" ci="0" mb="0" cb="0" />
      <line nr="322" mi="2" ci="0" mb="0" cb="0" />
      <line nr="324" mi="1" ci="0" mb="0" cb="0" />
      <line nr="326" mi="1" ci="0" mb="0" cb="0" />
      <line nr="329" mi="1" ci="0" mb="0" cb="0" />
      <line nr="331" mi="1" ci="0" mb="0" cb="0" />
      <line nr="336" mi="0" ci="1" mb="0" cb="0" />
      <line nr="337" mi="0" ci="2" mb="0" cb="0" />
      <line nr="343" mi="0" ci="2" mb="0" cb="0" />
      <line nr="344" mi="0" ci="2" mb="0" cb="0" />
      <line nr="346" mi="0" ci="2" mb="0" cb="0" />
      <line nr="350" mi="3" ci="0" mb="0" cb="0" />
      <line nr="356" mi="0" ci="1" mb="0" cb="0" />
      <line nr="357" mi="0" ci="1" mb="0" cb="0" />
      <line nr="361" mi="0" ci="1" mb="0" cb="0" />
      <line nr="364" mi="0" ci="1" mb="0" cb="0" />
      <line nr="366" mi="0" ci="1" mb="0" cb="0" />
      <line nr="367" mi="0" ci="1" mb="0" cb="0" />
      <line nr="368" mi="0" ci="1" mb="0" cb="0" />
      <line nr="370" mi="0" ci="2" mb="0" cb="0" />
      <line nr="371" mi="0" ci="1" mb="0" cb="0" />
      <line nr="372" mi="0" ci="1" mb="0" cb="0" />
      <line nr="373" mi="0" ci="2" mb="0" cb="0" />
      <line nr="376" mi="0" ci="1" mb="0" cb="0" />
      <line nr="377" mi="0" ci="1" mb="0" cb="0" />
      <line nr="379" mi="1" ci="0" mb="0" cb="0" />
      <line nr="382" mi="0" ci="2" mb="0" cb="0" />
      <line nr="386" mi="0" ci="1" mb="0" cb="0" />
      <line nr="408" mi="0" ci="1" mb="0" cb="0" />
      <line nr="410" mi="0" ci="1" mb="0" cb="0" />
      <line nr="411" mi="0" ci="1" mb="0" cb="0" />
      <line nr="412" mi="0" ci="1" mb="0" cb="0" />
      <line nr="413" mi="0" ci="2" mb="0" cb="0" />
      <line nr="414" mi="2" ci="5" mb="0" cb="0" />
      <line nr="415" mi="0" ci="1" mb="0" cb="0" />
      <line nr="416" mi="0" ci="1" mb="0" cb="0" />
      <line nr="417" mi="0" ci="1" mb="0" cb="0" />
      <line nr="418" mi="0" ci="1" mb="0" cb="0" />
      <line nr="419" mi="0" ci="1" mb="0" cb="0" />
      <line nr="420" mi="0" ci="1" mb="0" cb="0" />
      <line nr="424" mi="0" ci="1" mb="0" cb="0" />
      <line nr="426" mi="0" ci="1" mb="0" cb="0" />
      <line nr="428" mi="0" ci="1" mb="0" cb="0" />
      <line nr="429" mi="0" ci="1" mb="0" cb="0" />
      <line nr="431" mi="0" ci="1" mb="0" cb="0" />
      <line nr="432" mi="1" ci="0" mb="0" cb="0" />
      <line nr="434" mi="0" ci="1" mb="0" cb="0" />
      <line nr="435" mi="0" ci="1" mb="0" cb="0" />
      <line nr="437" mi="0" ci="1" mb="0" cb="0" />
      <line nr="438" mi="1" ci="0" mb="0" cb="0" />
      <line nr="440" mi="0" ci="1" mb="0" cb="0" />
      <line nr="441" mi="0" ci="1" mb="0" cb="0" />
      <line nr="443" mi="0" ci="1" mb="0" cb="0" />
      <line nr="444" mi="0" ci="1" mb="0" cb="0" />
      <line nr="446" mi="0" ci="1" mb="0" cb="0" />
      <line nr="447" mi="1" ci="0" mb="0" cb="0" />
      <line nr="451" mi="0" ci="1" mb="0" cb="0" />
      <line nr="454" mi="0" ci="2" mb="0" cb="0" />
      <line nr="456" mi="0" ci="1" mb="0" cb="0" />
      <line nr="458" mi="1" ci="0" mb="0" cb="0" />
      <line nr="459" mi="1" ci="0" mb="0" cb="0" />
      <line nr="464" mi="0" ci="1" mb="0" cb="0" />
      <line nr="466" mi="0" ci="2" mb="0" cb="0" />
      <line nr="467" mi="0" ci="1" mb="0" cb="0" />
      <line nr="469" mi="0" ci="1" mb="0" cb="0" />
      <line nr="473" mi="0" ci="1" mb="0" cb="0" />
      <line nr="475" mi="2" ci="0" mb="0" cb="0" />
      <line nr="476" mi="1" ci="0" mb="0" cb="0" />
      <line nr="479" mi="0" ci="1" mb="0" cb="0" />
      <line nr="483" mi="0" ci="1" mb="0" cb="0" />
      <line nr="484" mi="0" ci="1" mb="0" cb="0" />
      <line nr="486" mi="2" ci="0" mb="0" cb="0" />
      <line nr="487" mi="1" ci="0" mb="0" cb="0" />
      <line nr="490" mi="0" ci="1" mb="0" cb="0" />
      <line nr="494" mi="0" ci="1" mb="0" cb="0" />
      <line nr="497" mi="0" ci="1" mb="0" cb="0" />
      <line nr="501" mi="0" ci="2" mb="0" cb="0" />
      <line nr="503" mi="0" ci="1" mb="0" cb="0" />
      <line nr="507" mi="0" ci="1" mb="0" cb="0" />
      <line nr="519" mi="0" ci="1" mb="0" cb="0" />
      <line nr="520" mi="0" ci="1" mb="0" cb="0" />
      <counter type="INSTRUCTION" missed="46" covered="218" />
      <counter type="LINE" missed="36" covered="163" />
      <counter type="METHOD" missed="0" covered="1" />
      <counter type="CLASS" missed="0" covered="1" />
    </sourcefile>
    <sourcefile name="get-mfDependencyTree.ps1">
      <line nr="46" mi="0" ci="2" mb="0" cb="0" />
      <line nr="48" mi="0" ci="3" mb="0" cb="0" />
      <line nr="50" mi="0" ci="1" mb="0" cb="0" />
      <line nr="58" mi="0" ci="1" mb="0" cb="0" />
      <line nr="59" mi="0" ci="1" mb="0" cb="0" />
      <line nr="60" mi="0" ci="1" mb="0" cb="0" />
      <line nr="61" mi="0" ci="1" mb="0" cb="0" />
      <line nr="62" mi="0" ci="2" mb="0" cb="0" />
      <line nr="69" mi="0" ci="1" mb="0" cb="0" />
      <line nr="70" mi="0" ci="1" mb="0" cb="0" />
      <line nr="71" mi="0" ci="1" mb="0" cb="0" />
      <line nr="72" mi="0" ci="1" mb="0" cb="0" />
      <line nr="74" mi="0" ci="1" mb="0" cb="0" />
      <line nr="75" mi="0" ci="1" mb="0" cb="0" />
      <line nr="81" mi="0" ci="1" mb="0" cb="0" />
      <line nr="82" mi="0" ci="1" mb="0" cb="0" />
      <line nr="83" mi="0" ci="1" mb="0" cb="0" />
      <line nr="84" mi="1" ci="0" mb="0" cb="0" />
      <line nr="86" mi="0" ci="1" mb="0" cb="0" />
      <line nr="87" mi="0" ci="1" mb="0" cb="0" />
      <line nr="88" mi="0" ci="3" mb="0" cb="0" />
      <line nr="90" mi="0" ci="1" mb="0" cb="0" />
      <line nr="91" mi="1" ci="0" mb="0" cb="0" />
      <line nr="94" mi="0" ci="1" mb="0" cb="0" />
      <line nr="96" mi="0" ci="1" mb="0" cb="0" />
      <line nr="97" mi="0" ci="1" mb="0" cb="0" />
      <line nr="98" mi="0" ci="1" mb="0" cb="0" />
      <line nr="99" mi="0" ci="1" mb="0" cb="0" />
      <line nr="100" mi="0" ci="2" mb="0" cb="0" />
      <line nr="101" mi="0" ci="1" mb="0" cb="0" />
      <line nr="104" mi="0" ci="3" mb="0" cb="0" />
      <line nr="105" mi="0" ci="1" mb="0" cb="0" />
      <line nr="108" mi="0" ci="2" mb="0" cb="0" />
      <line nr="109" mi="0" ci="1" mb="0" cb="0" />
      <line nr="110" mi="0" ci="1" mb="0" cb="0" />
      <line nr="111" mi="0" ci="1" mb="0" cb="0" />
      <line nr="112" mi="0" ci="1" mb="0" cb="0" />
      <line nr="113" mi="0" ci="1" mb="0" cb="0" />
      <counter type="INSTRUCTION" missed="2" covered="46" />
      <counter type="LINE" missed="2" covered="36" />
      <counter type="METHOD" missed="0" covered="2" />
      <counter type="CLASS" missed="0" covered="1" />
    </sourcefile>
    <sourcefile name="get-mfFolderItems.ps1">
      <line nr="57" mi="0" ci="2" mb="0" cb="0" />
      <line nr="59" mi="0" ci="3" mb="0" cb="0" />
      <line nr="62" mi="0" ci="1" mb="0" cb="0" />
      <line nr="64" mi="0" ci="1" mb="0" cb="0" />
      <line nr="65" mi="0" ci="2" mb="0" cb="0" />
      <line nr="66" mi="0" ci="1" mb="0" cb="0" />
      <line nr="70" mi="0" ci="1" mb="0" cb="0" />
      <line nr="73" mi="0" ci="1" mb="0" cb="0" />
      <line nr="74" mi="0" ci="1" mb="0" cb="0" />
      <line nr="75" mi="0" ci="1" mb="0" cb="0" />
      <line nr="76" mi="0" ci="1" mb="0" cb="0" />
      <line nr="79" mi="1" ci="0" mb="0" cb="0" />
      <line nr="84" mi="0" ci="1" mb="0" cb="0" />
      <line nr="87" mi="0" ci="1" mb="0" cb="0" />
      <line nr="89" mi="0" ci="1" mb="0" cb="0" />
      <line nr="91" mi="1" ci="0" mb="0" cb="0" />
      <line nr="92" mi="2" ci="0" mb="0" cb="0" />
      <line nr="93" mi="1" ci="0" mb="0" cb="0" />
      <line nr="96" mi="0" ci="2" mb="0" cb="0" />
      <line nr="98" mi="1" ci="0" mb="0" cb="0" />
      <line nr="105" mi="0" ci="1" mb="0" cb="0" />
      <line nr="106" mi="0" ci="1" mb="0" cb="0" />
      <line nr="107" mi="0" ci="1" mb="0" cb="0" />
      <line nr="108" mi="0" ci="1" mb="0" cb="0" />
      <line nr="109" mi="0" ci="2" mb="0" cb="0" />
      <line nr="111" mi="0" ci="1" mb="0" cb="0" />
      <line nr="112" mi="0" ci="1" mb="0" cb="0" />
      <line nr="113" mi="0" ci="1" mb="0" cb="0" />
      <line nr="114" mi="0" ci="2" mb="0" cb="0" />
      <line nr="118" mi="0" ci="1" mb="0" cb="0" />
      <line nr="119" mi="0" ci="1" mb="0" cb="0" />
      <line nr="120" mi="0" ci="1" mb="0" cb="0" />
      <line nr="121" mi="0" ci="1" mb="0" cb="0" />
      <line nr="122" mi="0" ci="2" mb="0" cb="0" />
      <line nr="124" mi="0" ci="1" mb="0" cb="0" />
      <line nr="125" mi="0" ci="1" mb="0" cb="0" />
      <line nr="126" mi="0" ci="1" mb="0" cb="0" />
      <line nr="127" mi="0" ci="1" mb="0" cb="0" />
      <line nr="128" mi="0" ci="1" mb="0" cb="0" />
      <line nr="129" mi="0" ci="2" mb="0" cb="0" />
      <line nr="140" mi="0" ci="1" mb="0" cb="0" />
      <line nr="141" mi="0" ci="1" mb="0" cb="0" />
      <line nr="143" mi="0" ci="1" mb="0" cb="0" />
      <line nr="144" mi="1" ci="2" mb="0" cb="0" />
      <line nr="145" mi="0" ci="1" mb="0" cb="0" />
      <line nr="146" mi="1" ci="0" mb="0" cb="0" />
      <line nr="151" mi="0" ci="4" mb="0" cb="0" />
      <line nr="157" mi="0" ci="1" mb="0" cb="0" />
      <line nr="158" mi="0" ci="1" mb="0" cb="0" />
      <line nr="160" mi="0" ci="1" mb="0" cb="0" />
      <line nr="161" mi="0" ci="3" mb="0" cb="0" />
      <line nr="163" mi="0" ci="1" mb="0" cb="0" />
      <line nr="164" mi="0" ci="3" mb="0" cb="0" />
      <line nr="167" mi="0" ci="1" mb="0" cb="0" />
      <line nr="168" mi="0" ci="1" mb="0" cb="0" />
      <line nr="169" mi="0" ci="6" mb="0" cb="0" />
      <line nr="170" mi="0" ci="1" mb="0" cb="0" />
      <line nr="172" mi="0" ci="3" mb="0" cb="0" />
      <line nr="173" mi="0" ci="3" mb="0" cb="0" />
      <line nr="177" mi="0" ci="1" mb="0" cb="0" />
      <line nr="179" mi="0" ci="1" mb="0" cb="0" />
      <line nr="181" mi="0" ci="1" mb="0" cb="0" />
      <line nr="182" mi="0" ci="3" mb="0" cb="0" />
      <line nr="183" mi="0" ci="2" mb="0" cb="0" />
      <line nr="185" mi="1" ci="0" mb="0" cb="0" />
      <line nr="187" mi="1" ci="0" mb="0" cb="0" />
      <line nr="188" mi="2" ci="0" mb="0" cb="0" />
      <line nr="190" mi="2" ci="0" mb="0" cb="0" />
      <line nr="194" mi="0" ci="3" mb="0" cb="0" />
      <line nr="195" mi="0" ci="3" mb="0" cb="0" />
      <line nr="196" mi="0" ci="3" mb="0" cb="0" />
      <line nr="198" mi="3" ci="0" mb="0" cb="0" />
      <line nr="203" mi="0" ci="2" mb="0" cb="0" />
      <line nr="205" mi="0" ci="2" mb="0" cb="0" />
      <counter type="INSTRUCTION" missed="17" covered="100" />
      <counter type="LINE" missed="11" covered="63" />
      <counter type="METHOD" missed="0" covered="1" />
      <counter type="CLASS" missed="0" covered="1" />
    </sourcefile>
    <sourcefile name="get-mfNextSemver.ps1">
      <line nr="81" mi="0" ci="2" mb="0" cb="0" />
      <line nr="83" mi="0" ci="3" mb="0" cb="0" />
      <line nr="85" mi="0" ci="1" mb="0" cb="0" />
      <line nr="87" mi="0" ci="1" mb="0" cb="0" />
      <line nr="88" mi="1" ci="0" mb="0" cb="0" />
      <line nr="94" mi="0" ci="1" mb="0" cb="0" />
      <line nr="97" mi="0" ci="1" mb="0" cb="0" />
      <line nr="98" mi="0" ci="2" mb="0" cb="0" />
      <line nr="101" mi="0" ci="1" mb="0" cb="0" />
      <line nr="102" mi="0" ci="2" mb="0" cb="0" />
      <line nr="105" mi="0" ci="1" mb="0" cb="0" />
      <line nr="106" mi="0" ci="2" mb="0" cb="0" />
      <line nr="111" mi="0" ci="1" mb="0" cb="0" />
      <line nr="114" mi="0" ci="1" mb="0" cb="0" />
      <line nr="115" mi="0" ci="1" mb="0" cb="0" />
      <line nr="116" mi="0" ci="1" mb="0" cb="0" />
      <line nr="117" mi="0" ci="2" mb="0" cb="0" />
      <line nr="118" mi="0" ci="1" mb="0" cb="0" />
      <line nr="119" mi="0" ci="1" mb="0" cb="0" />
      <line nr="120" mi="0" ci="1" mb="0" cb="0" />
      <line nr="121" mi="0" ci="1" mb="0" cb="0" />
      <line nr="125" mi="1" ci="0" mb="0" cb="0" />
      <line nr="126" mi="1" ci="0" mb="0" cb="0" />
      <line nr="127" mi="1" ci="0" mb="0" cb="0" />
      <line nr="130" mi="0" ci="6" mb="0" cb="0" />
      <line nr="131" mi="0" ci="1" mb="0" cb="0" />
      <line nr="132" mi="0" ci="2" mb="0" cb="0" />
      <line nr="134" mi="0" ci="1" mb="0" cb="0" />
      <line nr="136" mi="0" ci="1" mb="0" cb="0" />
      <line nr="138" mi="0" ci="1" mb="0" cb="0" />
      <line nr="139" mi="0" ci="1" mb="0" cb="0" />
      <line nr="141" mi="1" ci="0" mb="0" cb="0" />
      <line nr="144" mi="0" ci="5" mb="0" cb="0" />
      <line nr="145" mi="0" ci="1" mb="0" cb="0" />
      <line nr="146" mi="0" ci="2" mb="0" cb="0" />
      <line nr="147" mi="0" ci="1" mb="0" cb="0" />
      <line nr="154" mi="0" ci="1" mb="0" cb="0" />
      <line nr="156" mi="0" ci="1" mb="0" cb="0" />
      <line nr="157" mi="0" ci="1" mb="0" cb="0" />
      <line nr="159" mi="1" ci="0" mb="0" cb="0" />
      <line nr="162" mi="0" ci="5" mb="0" cb="0" />
      <line nr="163" mi="0" ci="1" mb="0" cb="0" />
      <line nr="164" mi="0" ci="1" mb="0" cb="0" />
      <line nr="165" mi="0" ci="1" mb="0" cb="0" />
      <line nr="166" mi="0" ci="1" mb="0" cb="0" />
      <line nr="168" mi="1" ci="0" mb="0" cb="0" />
      <line nr="170" mi="0" ci="1" mb="0" cb="0" />
      <line nr="171" mi="0" ci="2" mb="0" cb="0" />
      <line nr="172" mi="0" ci="1" mb="0" cb="0" />
      <line nr="173" mi="0" ci="1" mb="0" cb="0" />
      <line nr="175" mi="0" ci="1" mb="0" cb="0" />
      <line nr="177" mi="0" ci="2" mb="0" cb="0" />
      <line nr="179" mi="1" ci="0" mb="0" cb="0" />
      <line nr="182" mi="0" ci="4" mb="0" cb="0" />
      <line nr="183" mi="0" ci="1" mb="0" cb="0" />
      <line nr="184" mi="0" ci="2" mb="0" cb="0" />
      <line nr="188" mi="0" ci="1" mb="0" cb="0" />
      <counter type="INSTRUCTION" missed="8" covered="77" />
      <counter type="LINE" missed="8" covered="49" />
      <counter type="METHOD" missed="0" covered="1" />
      <counter type="CLASS" missed="0" covered="1" />
    </sourcefile>
    <sourcefile name="new-mfProject.ps1">
      <line nr="59" mi="0" ci="1" mb="0" cb="0" />
      <line nr="62" mi="0" ci="2" mb="0" cb="0" />
      <line nr="85" mi="0" ci="2" mb="0" cb="0" />
      <line nr="87" mi="0" ci="3" mb="0" cb="0" />
      <line nr="91" mi="0" ci="1" mb="0" cb="0" />
      <line nr="93" mi="1" ci="0" mb="0" cb="0" />
      <line nr="94" mi="2" ci="0" mb="0" cb="0" />
      <line nr="95" mi="1" ci="0" mb="0" cb="0" />
      <line nr="98" mi="0" ci="1" mb="0" cb="0" />
      <line nr="104" mi="0" ci="1" mb="0" cb="0" />
      <line nr="105" mi="0" ci="2" mb="0" cb="0" />
      <line nr="107" mi="1" ci="0" mb="0" cb="0" />
      <line nr="110" mi="0" ci="1" mb="0" cb="0" />
      <line nr="111" mi="0" ci="1" mb="0" cb="0" />
      <line nr="113" mi="1" ci="0" mb="0" cb="0" />
      <line nr="117" mi="0" ci="1" mb="0" cb="0" />
      <line nr="118" mi="0" ci="1" mb="0" cb="0" />
      <line nr="134" mi="0" ci="3" mb="0" cb="0" />
      <line nr="135" mi="0" ci="1" mb="0" cb="0" />
      <line nr="137" mi="3" ci="0" mb="0" cb="0" />
      <line nr="140" mi="0" ci="1" mb="0" cb="0" />
      <line nr="141" mi="0" ci="1" mb="0" cb="0" />
      <line nr="143" mi="0" ci="1" mb="0" cb="0" />
      <line nr="144" mi="0" ci="1" mb="0" cb="0" />
      <line nr="145" mi="0" ci="1" mb="0" cb="0" />
      <line nr="146" mi="0" ci="1" mb="0" cb="0" />
      <line nr="147" mi="0" ci="1" mb="0" cb="0" />
      <line nr="148" mi="0" ci="1" mb="0" cb="0" />
      <line nr="150" mi="0" ci="1" mb="0" cb="0" />
      <line nr="151" mi="0" ci="1" mb="0" cb="0" />
      <line nr="152" mi="0" ci="2" mb="0" cb="0" />
      <line nr="153" mi="1" ci="3" mb="0" cb="0" />
      <line nr="154" mi="0" ci="1" mb="0" cb="0" />
      <line nr="155" mi="0" ci="1" mb="0" cb="0" />
      <line nr="156" mi="0" ci="1" mb="0" cb="0" />
      <line nr="157" mi="0" ci="1" mb="0" cb="0" />
      <line nr="158" mi="0" ci="1" mb="0" cb="0" />
      <line nr="164" mi="0" ci="1" mb="0" cb="0" />
      <line nr="166" mi="0" ci="2" mb="0" cb="0" />
      <line nr="168" mi="1" ci="0" mb="0" cb="0" />
      <counter type="INSTRUCTION" missed="11" covered="44" />
      <counter type="LINE" missed="7" covered="33" />
      <counter type="METHOD" missed="0" covered="1" />
      <counter type="CLASS" missed="0" covered="1" />
    </sourcefile>
    <sourcefile name="register-mfLocalPsResourceRepository.ps1">
      <line nr="44" mi="0" ci="2" mb="0" cb="0" />
      <line nr="46" mi="0" ci="3" mb="0" cb="0" />
      <line nr="48" mi="0" ci="1" mb="0" cb="0" />
      <line nr="49" mi="0" ci="1" mb="0" cb="0" />
      <line nr="50" mi="0" ci="1" mb="0" cb="0" />
      <line nr="53" mi="0" ci="3" mb="0" cb="0" />
      <line nr="56" mi="0" ci="1" mb="0" cb="0" />
      <line nr="58" mi="3" ci="0" mb="0" cb="0" />
      <line nr="61" mi="0" ci="1" mb="0" cb="0" />
      <line nr="67" mi="0" ci="1" mb="0" cb="0" />
      <line nr="68" mi="0" ci="2" mb="0" cb="0" />
      <line nr="70" mi="0" ci="1" mb="0" cb="0" />
      <line nr="72" mi="0" ci="2" mb="0" cb="0" />
      <line nr="73" mi="0" ci="2" mb="0" cb="0" />
      <line nr="76" mi="0" ci="1" mb="0" cb="0" />
      <line nr="77" mi="0" ci="1" mb="0" cb="0" />
      <line nr="79" mi="1" ci="0" mb="0" cb="0" />
      <line nr="83" mi="0" ci="1" mb="0" cb="0" />
      <line nr="84" mi="0" ci="1" mb="0" cb="0" />
      <line nr="85" mi="0" ci="1" mb="0" cb="0" />
      <line nr="86" mi="0" ci="1" mb="0" cb="0" />
      <line nr="88" mi="0" ci="1" mb="0" cb="0" />
      <line nr="90" mi="0" ci="1" mb="0" cb="0" />
      <line nr="92" mi="1" ci="0" mb="0" cb="0" />
      <line nr="95" mi="0" ci="1" mb="0" cb="0" />
      <line nr="96" mi="0" ci="2" mb="0" cb="0" />
      <line nr="98" mi="1" ci="0" mb="0" cb="0" />
      <line nr="100" mi="0" ci="1" mb="0" cb="0" />
      <line nr="105" mi="1" ci="0" mb="0" cb="0" />
      <counter type="INSTRUCTION" missed="7" covered="33" />
      <counter type="LINE" missed="5" covered="24" />
      <counter type="METHOD" missed="0" covered="1" />
      <counter type="CLASS" missed="0" covered="1" />
    </sourcefile>
    <sourcefile name="remove-mfLocalPsResourceRepository.ps1">
      <line nr="40" mi="0" ci="2" mb="0" cb="0" />
      <line nr="42" mi="0" ci="3" mb="0" cb="0" />
      <line nr="44" mi="0" ci="1" mb="0" cb="0" />
      <line nr="45" mi="0" ci="1" mb="0" cb="0" />
      <line nr="46" mi="0" ci="1" mb="0" cb="0" />
      <line nr="49" mi="0" ci="3" mb="0" cb="0" />
      <line nr="52" mi="0" ci="1" mb="0" cb="0" />
      <line nr="54" mi="3" ci="0" mb="0" cb="0" />
      <line nr="57" mi="0" ci="1" mb="0" cb="0" />
      <line nr="63" mi="0" ci="1" mb="0" cb="0" />
      <line nr="65" mi="0" ci="1" mb="0" cb="0" />
      <line nr="66" mi="0" ci="2" mb="0" cb="0" />
      <line nr="67" mi="0" ci="1" mb="0" cb="0" />
      <line nr="69" mi="0" ci="1" mb="0" cb="0" />
      <line nr="71" mi="0" ci="1" mb="0" cb="0" />
      <line nr="73" mi="1" ci="0" mb="0" cb="0" />
      <line nr="77" mi="0" ci="2" mb="0" cb="0" />
      <line nr="79" mi="0" ci="1" mb="0" cb="0" />
      <line nr="81" mi="0" ci="1" mb="0" cb="0" />
      <line nr="82" mi="0" ci="1" mb="0" cb="0" />
      <line nr="84" mi="1" ci="0" mb="0" cb="0" />
      <counter type="INSTRUCTION" missed="5" covered="25" />
      <counter type="LINE" missed="3" covered="18" />
      <counter type="METHOD" missed="0" covered="1" />
      <counter type="CLASS" missed="0" covered="1" />
    </sourcefile>
    <sourcefile name="update-mfProject.ps1">
      <line nr="84" mi="0" ci="1" mb="0" cb="0" />
      <line nr="91" mi="0" ci="2" mb="0" cb="0" />
      <line nr="93" mi="0" ci="3" mb="0" cb="0" />
      <line nr="95" mi="0" ci="1" mb="0" cb="0" />
      <line nr="96" mi="0" ci="1" mb="0" cb="0" />
      <line nr="97" mi="0" ci="1" mb="0" cb="0" />
      <line nr="98" mi="1" ci="0" mb="0" cb="0" />
      <line nr="101" mi="0" ci="1" mb="0" cb="0" />
      <line nr="102" mi="0" ci="1" mb="0" cb="0" />
      <line nr="105" mi="0" ci="1" mb="0" cb="0" />
      <line nr="106" mi="0" ci="1" mb="0" cb="0" />
      <line nr="108" mi="0" ci="2" mb="0" cb="0" />
      <line nr="110" mi="0" ci="1" mb="0" cb="0" />
      <line nr="113" mi="0" ci="1" mb="0" cb="0" />
      <line nr="120" mi="0" ci="1" mb="0" cb="0" />
      <line nr="122" mi="0" ci="3" mb="0" cb="0" />
      <line nr="123" mi="0" ci="1" mb="0" cb="0" />
      <line nr="126" mi="0" ci="1" mb="0" cb="0" />
      <line nr="128" mi="0" ci="3" mb="0" cb="0" />
      <line nr="129" mi="0" ci="1" mb="0" cb="0" />
      <line nr="132" mi="0" ci="1" mb="0" cb="0" />
      <line nr="134" mi="0" ci="3" mb="0" cb="0" />
      <line nr="135" mi="0" ci="1" mb="0" cb="0" />
      <line nr="138" mi="0" ci="1" mb="0" cb="0" />
      <line nr="140" mi="0" ci="3" mb="0" cb="0" />
      <line nr="141" mi="0" ci="1" mb="0" cb="0" />
      <line nr="144" mi="0" ci="1" mb="0" cb="0" />
      <line nr="146" mi="0" ci="3" mb="0" cb="0" />
      <line nr="147" mi="0" ci="1" mb="0" cb="0" />
      <line nr="150" mi="0" ci="1" mb="0" cb="0" />
      <line nr="152" mi="0" ci="3" mb="0" cb="0" />
      <line nr="153" mi="0" ci="1" mb="0" cb="0" />
      <line nr="156" mi="0" ci="1" mb="0" cb="0" />
      <line nr="158" mi="0" ci="3" mb="0" cb="0" />
      <line nr="159" mi="0" ci="1" mb="0" cb="0" />
      <line nr="162" mi="0" ci="1" mb="0" cb="0" />
      <line nr="164" mi="0" ci="3" mb="0" cb="0" />
      <line nr="165" mi="0" ci="1" mb="0" cb="0" />
      <line nr="168" mi="0" ci="1" mb="0" cb="0" />
      <line nr="170" mi="0" ci="3" mb="0" cb="0" />
      <line nr="171" mi="0" ci="1" mb="0" cb="0" />
      <line nr="173" mi="0" ci="1" mb="0" cb="0" />
      <line nr="175" mi="0" ci="5" mb="0" cb="0" />
      <line nr="176" mi="0" ci="1" mb="0" cb="0" />
      <line nr="179" mi="0" ci="1" mb="0" cb="0" />
      <line nr="181" mi="0" ci="3" mb="0" cb="0" />
      <line nr="182" mi="0" ci="1" mb="0" cb="0" />
      <line nr="185" mi="0" ci="1" mb="0" cb="0" />
      <line nr="187" mi="0" ci="3" mb="0" cb="0" />
      <line nr="188" mi="0" ci="1" mb="0" cb="0" />
      <line nr="191" mi="0" ci="1" mb="0" cb="0" />
      <line nr="193" mi="5" ci="0" mb="0" cb="0" />
      <line nr="194" mi="1" ci="0" mb="0" cb="0" />
      <line nr="197" mi="0" ci="1" mb="0" cb="0" />
      <line nr="199" mi="0" ci="2" mb="0" cb="0" />
      <line nr="201" mi="1" ci="0" mb="0" cb="0" />
      <counter type="INSTRUCTION" missed="8" covered="83" />
      <counter type="LINE" missed="4" covered="52" />
      <counter type="METHOD" missed="0" covered="1" />
      <counter type="CLASS" missed="0" covered="1" />
    </sourcefile>
    <counter type="INSTRUCTION" missed="113" covered="677" />
    <counter type="LINE" missed="85" covered="481" />
    <counter type="METHOD" missed="0" covered="10" />
    <counter type="CLASS" missed="0" covered="9" />
  </package>
  <counter type="INSTRUCTION" missed="113" covered="677" />
  <counter type="LINE" missed="85" covered="481" />
  <counter type="METHOD" missed="0" covered="10" />
  <counter type="CLASS" missed="0" covered="9" />
</report>
